<?xml version="1.0" encoding="UTF-8"?>
<!-- Generated by org.testng.reporters.JUnitReportReporter -->
<testsuite hostname="DESKTOP-AREV02Q" failures="0" tests="1" name="com.demo.qa.testcase.LoginPagetest" time="18.418" errors="0" timestamp="2023-06-20T13:30:17 IST" skipped="0">
  <testcase classname="com.demo.qa.testcase.LoginPagetest" name="loginpage" time="18.418"/>
  <system-out/>
</testsuite> <!-- com.demo.qa.testcase.LoginPagetest -->
