<?xml version="1.0" encoding="UTF-8"?>
<!-- Generated by org.testng.reporters.JUnitReportReporter -->
<testsuite hostname="DESKTOP-AREV02Q" failures="0" tests="8" name="com.demo.qa.testcase.loginPage" time="181.058" errors="0" timestamp="2023-06-19T10:50:10 IST" skipped="0">
  <testcase classname="com.demo.qa.testcase.loginPage" name="loginwithValidCredential" time="22.868"/>
  <system-out/>
  <testcase classname="com.demo.qa.testcase.loginPage" name="loginwithInValidEmail" time="23.279"/>
  <system-out/>
  <testcase classname="com.demo.qa.testcase.loginPage" name="loginwithInvalidPassword" time="22.904"/>
  <system-out/>
  <testcase classname="com.demo.qa.testcase.loginPage" name="loginwithbothInvalidEmailPass" time="21.960"/>
  <system-out/>
  <testcase classname="com.demo.qa.testcase.loginPage" name="loginwithemptyemail" time="21.120"/>
  <system-out/>
  <testcase classname="com.demo.qa.testcase.loginPage" name="loginwithemptypassword" time="20.545"/>
  <system-out/>
  <testcase classname="com.demo.qa.testcase.loginPage" name="loginwithlessdigitPassword" time="27.308"/>
  <system-out/>
  <testcase classname="com.demo.qa.testcase.loginPage" name="ValidEmailandPassword" time="21.074"/>
  <system-out/>
</testsuite> <!-- com.demo.qa.testcase.loginPage -->
