<?xml version="1.0" encoding="UTF-8"?>
<!-- Generated by org.testng.reporters.JUnitReportReporter -->
<testsuite hostname="DESKTOP-AREV02Q" failures="0" tests="1" name="com.demo.qa.testcase.RegisterPage" time="65.953" errors="0" timestamp="2023-06-20T10:46:20 IST" skipped="0">
  <testcase classname="com.demo.qa.testcase.RegisterPage" name="registerPage" time="65.953"/>
  <system-out/>
</testsuite> <!-- com.demo.qa.testcase.RegisterPage -->
