<?xml version="1.0" encoding="UTF-8"?>
<!-- Generated by org.testng.reporters.JUnitReportReporter -->
<testsuite hostname="DESKTOP-AREV02Q" failures="0" tests="1" name="com.demo.qa.testcase.Register" time="5.173" errors="0" timestamp="2023-06-14T16:00:23 IST" skipped="0">
  <testcase classname="com.demo.qa.testcase.Register" name="verifyRegister" time="5.173"/>
  <system-out/>
</testsuite> <!-- com.demo.qa.testcase.Register -->
